mode: atomic
github.com/hbollon/go-edlib/internal/utils/utils.go:7.28,8.11 1 2
github.com/hbollon/go-edlib/internal/utils/utils.go:11.2,11.10 1 1
github.com/hbollon/go-edlib/internal/utils/utils.go:8.11,10.3 1 1
github.com/hbollon/go-edlib/internal/utils/utils.go:15.28,16.11 1 2
github.com/hbollon/go-edlib/internal/utils/utils.go:19.2,19.10 1 1
github.com/hbollon/go-edlib/internal/utils/utils.go:16.11,18.3 1 1
github.com/hbollon/go-edlib/internal/utils/utils.go:23.30,24.22 1 5
github.com/hbollon/go-edlib/internal/utils/utils.go:27.2,27.22 1 4
github.com/hbollon/go-edlib/internal/utils/utils.go:32.2,32.13 1 2
github.com/hbollon/go-edlib/internal/utils/utils.go:24.22,26.3 1 1
github.com/hbollon/go-edlib/internal/utils/utils.go:27.22,28.16 1 9
github.com/hbollon/go-edlib/internal/utils/utils.go:28.16,30.4 1 2
github.com/hbollon/go-edlib/internal/utils/utils.go:40.53,41.26 1 1
github.com/hbollon/go-edlib/internal/utils/utils.go:41.26,43.3 1 3
github.com/hbollon/go-edlib/internal/utils/utils.go:47.43,50.21 3 2
github.com/hbollon/go-edlib/internal/utils/utils.go:55.2,55.12 1 2
github.com/hbollon/go-edlib/internal/utils/utils.go:50.21,53.3 2 9
github.com/hbollon/go-edlib/internal/orderedmap/orderedmap.go:17.31,17.48 1 10
github.com/hbollon/go-edlib/internal/orderedmap/orderedmap.go:20.41,20.75 1 15
github.com/hbollon/go-edlib/internal/orderedmap/orderedmap.go:23.36,23.63 1 6
github.com/hbollon/go-edlib/internal/orderedmap/orderedmap.go:26.40,29.25 3 1
github.com/hbollon/go-edlib/internal/orderedmap/orderedmap.go:33.2,33.12 1 1
github.com/hbollon/go-edlib/internal/orderedmap/orderedmap.go:29.25,31.3 1 5
github.com/hbollon/go-edlib/internal/orderedmap/orderedmap.go:37.36,39.2 1 1
github.com/hbollon/go-edlib/lcs.go:11.33,16.46 3 22
github.com/hbollon/go-edlib/lcs.go:22.2,23.48 2 19
github.com/hbollon/go-edlib/lcs.go:16.46,18.3 1 2
github.com/hbollon/go-edlib/lcs.go:18.8,18.44 1 20
github.com/hbollon/go-edlib/lcs.go:18.44,20.3 1 1
github.com/hbollon/go-edlib/lcs.go:27.52,30.38 2 30
github.com/hbollon/go-edlib/lcs.go:37.2,37.38 1 30
github.com/hbollon/go-edlib/lcs.go:47.2,47.18 1 30
github.com/hbollon/go-edlib/lcs.go:30.38,32.39 2 200
github.com/hbollon/go-edlib/lcs.go:32.39,34.4 1 1505
github.com/hbollon/go-edlib/lcs.go:37.38,38.39 1 170
github.com/hbollon/go-edlib/lcs.go:38.39,39.38 1 1119
github.com/hbollon/go-edlib/lcs.go:39.38,41.5 1 151
github.com/hbollon/go-edlib/lcs.go:41.10,43.5 1 968
github.com/hbollon/go-edlib/lcs.go:51.54,55.46 3 7
github.com/hbollon/go-edlib/lcs.go:61.2,61.99 1 4
github.com/hbollon/go-edlib/lcs.go:55.46,57.3 1 2
github.com/hbollon/go-edlib/lcs.go:57.8,57.44 1 5
github.com/hbollon/go-edlib/lcs.go:57.44,59.3 1 1
github.com/hbollon/go-edlib/lcs.go:64.88,69.22 3 36
github.com/hbollon/go-edlib/lcs.go:77.2,77.59 1 7
github.com/hbollon/go-edlib/lcs.go:69.22,71.3 1 4
github.com/hbollon/go-edlib/lcs.go:71.8,71.43 1 32
github.com/hbollon/go-edlib/lcs.go:71.43,73.3 1 14
github.com/hbollon/go-edlib/lcs.go:73.8,73.50 1 18
github.com/hbollon/go-edlib/lcs.go:73.50,75.3 1 11
github.com/hbollon/go-edlib/lcs.go:81.59,85.46 3 9
github.com/hbollon/go-edlib/lcs.go:91.2,91.112 1 6
github.com/hbollon/go-edlib/lcs.go:85.46,87.3 1 2
github.com/hbollon/go-edlib/lcs.go:87.8,87.44 1 7
github.com/hbollon/go-edlib/lcs.go:87.44,89.3 1 1
github.com/hbollon/go-edlib/lcs.go:94.104,102.22 4 300
github.com/hbollon/go-edlib/lcs.go:117.2,117.19 1 300
github.com/hbollon/go-edlib/lcs.go:102.22,104.3 1 69
github.com/hbollon/go-edlib/lcs.go:104.8,104.43 1 231
github.com/hbollon/go-edlib/lcs.go:104.43,105.76 1 113
github.com/hbollon/go-edlib/lcs.go:105.76,107.4 1 165
github.com/hbollon/go-edlib/lcs.go:108.8,109.45 1 118
github.com/hbollon/go-edlib/lcs.go:112.3,112.45 1 118
github.com/hbollon/go-edlib/lcs.go:109.45,111.4 1 89
github.com/hbollon/go-edlib/lcs.go:112.45,114.4 1 92
github.com/hbollon/go-edlib/lcs.go:121.51,125.46 3 4
github.com/hbollon/go-edlib/lcs.go:131.2,133.18 3 1
github.com/hbollon/go-edlib/lcs.go:125.46,127.3 1 2
github.com/hbollon/go-edlib/lcs.go:127.8,127.44 1 2
github.com/hbollon/go-edlib/lcs.go:127.44,129.3 1 1
github.com/hbollon/go-edlib/lcs.go:136.85,143.54 4 15
github.com/hbollon/go-edlib/lcs.go:160.2,160.13 1 1
github.com/hbollon/go-edlib/lcs.go:143.54,148.3 4 3
github.com/hbollon/go-edlib/lcs.go:148.8,148.71 1 12
github.com/hbollon/go-edlib/lcs.go:148.71,153.3 4 6
github.com/hbollon/go-edlib/lcs.go:153.8,153.72 1 6
github.com/hbollon/go-edlib/lcs.go:153.72,158.3 4 5
github.com/hbollon/go-edlib/lcs.go:165.45,166.20 1 21
github.com/hbollon/go-edlib/lcs.go:174.2,175.46 2 15
github.com/hbollon/go-edlib/lcs.go:166.20,168.3 1 2
github.com/hbollon/go-edlib/lcs.go:168.8,168.27 1 19
github.com/hbollon/go-edlib/lcs.go:168.27,170.3 1 2
github.com/hbollon/go-edlib/lcs.go:170.8,170.25 1 17
github.com/hbollon/go-edlib/lcs.go:170.25,172.3 1 2
github.com/hbollon/go-edlib/levenshtein.go:8.49,16.22 5 57
github.com/hbollon/go-edlib/levenshtein.go:24.2,26.36 2 49
github.com/hbollon/go-edlib/levenshtein.go:29.2,29.36 1 49
github.com/hbollon/go-edlib/levenshtein.go:46.2,46.28 1 49
github.com/hbollon/go-edlib/levenshtein.go:16.22,18.3 1 2
github.com/hbollon/go-edlib/levenshtein.go:18.8,18.29 1 55
github.com/hbollon/go-edlib/levenshtein.go:18.29,20.3 1 2
github.com/hbollon/go-edlib/levenshtein.go:20.8,20.44 1 53
github.com/hbollon/go-edlib/levenshtein.go:20.44,22.3 1 4
github.com/hbollon/go-edlib/levenshtein.go:26.36,28.3 1 296
github.com/hbollon/go-edlib/levenshtein.go:29.36,32.37 3 277
github.com/hbollon/go-edlib/levenshtein.go:32.37,35.38 3 1749
github.com/hbollon/go-edlib/levenshtein.go:38.4,42.20 2 1749
github.com/hbollon/go-edlib/levenshtein.go:35.38,37.5 1 1469
github.com/hbollon/go-edlib/levenshtein.go:54.59,62.22 5 25
github.com/hbollon/go-edlib/levenshtein.go:71.2,72.36 2 19
github.com/hbollon/go-edlib/levenshtein.go:79.2,79.36 1 19
github.com/hbollon/go-edlib/levenshtein.go:82.2,82.36 1 19
github.com/hbollon/go-edlib/levenshtein.go:86.2,87.36 2 19
github.com/hbollon/go-edlib/levenshtein.go:101.2,101.41 1 19
github.com/hbollon/go-edlib/levenshtein.go:62.22,64.3 1 2
github.com/hbollon/go-edlib/levenshtein.go:64.8,64.29 1 23
github.com/hbollon/go-edlib/levenshtein.go:64.29,66.3 1 2
github.com/hbollon/go-edlib/levenshtein.go:66.8,66.44 1 21
github.com/hbollon/go-edlib/levenshtein.go:66.44,68.3 1 2
github.com/hbollon/go-edlib/levenshtein.go:72.36,74.37 2 95
github.com/hbollon/go-edlib/levenshtein.go:74.37,76.4 1 656
github.com/hbollon/go-edlib/levenshtein.go:79.36,81.3 1 95
github.com/hbollon/go-edlib/levenshtein.go:82.36,84.3 1 112
github.com/hbollon/go-edlib/levenshtein.go:87.36,88.37 1 76
github.com/hbollon/go-edlib/levenshtein.go:88.37,89.38 1 468
github.com/hbollon/go-edlib/levenshtein.go:95.4,96.90 2 468
github.com/hbollon/go-edlib/levenshtein.go:89.38,91.5 1 84
github.com/hbollon/go-edlib/levenshtein.go:91.10,93.5 1 384
github.com/hbollon/go-edlib/levenshtein.go:96.90,98.5 1 17
github.com/hbollon/go-edlib/levenshtein.go:108.56,116.22 5 25
github.com/hbollon/go-edlib/levenshtein.go:125.2,126.35 2 19
github.com/hbollon/go-edlib/levenshtein.go:129.2,129.35 1 19
github.com/hbollon/go-edlib/levenshtein.go:134.2,135.38 2 19
github.com/hbollon/go-edlib/levenshtein.go:143.2,147.36 3 19
github.com/hbollon/go-edlib/levenshtein.go:151.2,151.36 1 19
github.com/hbollon/go-edlib/levenshtein.go:157.2,158.36 2 19
github.com/hbollon/go-edlib/levenshtein.go:182.2,182.45 1 19
github.com/hbollon/go-edlib/levenshtein.go:116.22,118.3 1 2
github.com/hbollon/go-edlib/levenshtein.go:118.8,118.29 1 23
github.com/hbollon/go-edlib/levenshtein.go:118.29,120.3 1 2
github.com/hbollon/go-edlib/levenshtein.go:120.8,120.44 1 21
github.com/hbollon/go-edlib/levenshtein.go:120.44,122.3 1 2
github.com/hbollon/go-edlib/levenshtein.go:126.35,128.3 1 76
github.com/hbollon/go-edlib/levenshtein.go:129.35,131.3 1 93
github.com/hbollon/go-edlib/levenshtein.go:135.38,137.39 2 114
github.com/hbollon/go-edlib/levenshtein.go:137.39,139.4 1 882
github.com/hbollon/go-edlib/levenshtein.go:147.36,150.3 2 95
github.com/hbollon/go-edlib/levenshtein.go:151.36,154.3 2 112
github.com/hbollon/go-edlib/levenshtein.go:158.36,160.37 2 76
github.com/hbollon/go-edlib/levenshtein.go:179.3,179.24 1 76
github.com/hbollon/go-edlib/levenshtein.go:160.37,163.38 3 468
github.com/hbollon/go-edlib/levenshtein.go:170.4,176.42 1 468
github.com/hbollon/go-edlib/levenshtein.go:163.38,166.5 2 84
github.com/hbollon/go-edlib/levenshtein.go:166.10,168.5 1 384
github.com/hbollon/go-edlib/string-analysis.go:33.83,34.14 1 122
github.com/hbollon/go-edlib/string-analysis.go:35.19,36.73 1 45
github.com/hbollon/go-edlib/string-analysis.go:37.26,38.80 1 12
github.com/hbollon/go-edlib/string-analysis.go:39.29,40.83 1 12
github.com/hbollon/go-edlib/string-analysis.go:41.11,42.69 1 10
github.com/hbollon/go-edlib/string-analysis.go:43.15,45.17 2 16
github.com/hbollon/go-edlib/string-analysis.go:48.3,48.18 1 11
github.com/hbollon/go-edlib/string-analysis.go:49.12,50.41 1 8
github.com/hbollon/go-edlib/string-analysis.go:51.19,52.48 1 8
github.com/hbollon/go-edlib/string-analysis.go:53.14,54.43 1 10
github.com/hbollon/go-edlib/string-analysis.go:55.10,56.66 1 1
github.com/hbollon/go-edlib/string-analysis.go:45.17,47.4 1 5
github.com/hbollon/go-edlib/string-analysis.go:61.68,63.28 1 84
github.com/hbollon/go-edlib/string-analysis.go:66.2,66.57 1 28
github.com/hbollon/go-edlib/string-analysis.go:63.28,65.3 1 56
github.com/hbollon/go-edlib/string-analysis.go:71.80,74.35 3 3
github.com/hbollon/go-edlib/string-analysis.go:88.2,88.20 1 1
github.com/hbollon/go-edlib/string-analysis.go:74.35,76.17 2 9
github.com/hbollon/go-edlib/string-analysis.go:80.3,80.17 1 8
github.com/hbollon/go-edlib/string-analysis.go:76.17,78.4 1 1
github.com/hbollon/go-edlib/string-analysis.go:80.17,82.4 1 1
github.com/hbollon/go-edlib/string-analysis.go:82.9,82.38 1 7
github.com/hbollon/go-edlib/string-analysis.go:82.38,85.4 2 2
github.com/hbollon/go-edlib/string-analysis.go:93.105,96.35 3 4
github.com/hbollon/go-edlib/string-analysis.go:109.2,109.20 1 2
github.com/hbollon/go-edlib/string-analysis.go:96.35,98.17 2 16
github.com/hbollon/go-edlib/string-analysis.go:102.3,102.17 1 15
github.com/hbollon/go-edlib/string-analysis.go:98.17,100.4 1 1
github.com/hbollon/go-edlib/string-analysis.go:102.17,104.4 1 1
github.com/hbollon/go-edlib/string-analysis.go:104.9,104.55 1 14
github.com/hbollon/go-edlib/string-analysis.go:104.55,107.4 2 1
github.com/hbollon/go-edlib/string-analysis.go:115.99,117.35 2 2
github.com/hbollon/go-edlib/string-analysis.go:130.2,130.33 1 1
github.com/hbollon/go-edlib/string-analysis.go:117.35,119.17 2 8
github.com/hbollon/go-edlib/string-analysis.go:123.3,123.47 1 7
github.com/hbollon/go-edlib/string-analysis.go:119.17,121.4 1 1
github.com/hbollon/go-edlib/string-analysis.go:123.47,127.4 3 4
github.com/hbollon/go-edlib/string-analysis.go:137.124,139.35 2 2
github.com/hbollon/go-edlib/string-analysis.go:152.2,152.33 1 1
github.com/hbollon/go-edlib/string-analysis.go:139.35,141.17 2 8
github.com/hbollon/go-edlib/string-analysis.go:145.3,145.64 1 7
github.com/hbollon/go-edlib/string-analysis.go:141.17,143.4 1 1
github.com/hbollon/go-edlib/string-analysis.go:145.64,149.4 3 1
github.com/hbollon/go-edlib/cosine.go:13.50,20.35 4 13
github.com/hbollon/go-edlib/cosine.go:23.2,24.35 2 13
github.com/hbollon/go-edlib/cosine.go:28.2,31.32 3 13
github.com/hbollon/go-edlib/cosine.go:48.2,49.37 2 13
github.com/hbollon/go-edlib/cosine.go:53.2,53.65 1 13
github.com/hbollon/go-edlib/cosine.go:20.35,22.3 1 23
github.com/hbollon/go-edlib/cosine.go:24.35,26.3 1 33
github.com/hbollon/go-edlib/cosine.go:31.32,33.9 2 51
github.com/hbollon/go-edlib/cosine.go:39.3,40.9 2 51
github.com/hbollon/go-edlib/cosine.go:33.9,35.4 1 23
github.com/hbollon/go-edlib/cosine.go:35.9,37.4 1 28
github.com/hbollon/go-edlib/cosine.go:40.9,42.4 1 33
github.com/hbollon/go-edlib/cosine.go:42.9,44.4 1 18
github.com/hbollon/go-edlib/cosine.go:49.37,51.3 1 51
github.com/hbollon/go-edlib/cosine.go:57.36,59.25 2 14
github.com/hbollon/go-edlib/cosine.go:62.2,62.25 1 14
github.com/hbollon/go-edlib/cosine.go:69.2,70.25 2 14
github.com/hbollon/go-edlib/cosine.go:73.2,73.12 1 14
github.com/hbollon/go-edlib/cosine.go:59.25,61.3 1 26
github.com/hbollon/go-edlib/cosine.go:62.25,63.28 1 35
github.com/hbollon/go-edlib/cosine.go:63.28,65.4 1 29
github.com/hbollon/go-edlib/cosine.go:70.25,72.3 1 55
github.com/hbollon/go-edlib/cosine.go:78.51,79.29 1 104
github.com/hbollon/go-edlib/cosine.go:84.2,84.18 1 47
github.com/hbollon/go-edlib/cosine.go:79.29,80.29 1 264
github.com/hbollon/go-edlib/cosine.go:80.29,82.4 1 57
github.com/hbollon/go-edlib/cosine.go:88.25,90.24 2 27
github.com/hbollon/go-edlib/cosine.go:93.2,93.12 1 27
github.com/hbollon/go-edlib/cosine.go:90.24,92.3 1 107
github.com/hbollon/go-edlib/cosine.go:97.38,99.34 2 1
github.com/hbollon/go-edlib/cosine.go:102.2,102.12 1 1
github.com/hbollon/go-edlib/cosine.go:99.34,101.3 1 3
github.com/hbollon/go-edlib/hamming.go:11.54,16.36 3 22
github.com/hbollon/go-edlib/hamming.go:22.2,23.37 2 6
github.com/hbollon/go-edlib/hamming.go:29.2,29.21 1 6
github.com/hbollon/go-edlib/hamming.go:16.36,18.3 1 13
github.com/hbollon/go-edlib/hamming.go:18.8,18.44 1 9
github.com/hbollon/go-edlib/hamming.go:18.44,20.3 1 3
github.com/hbollon/go-edlib/hamming.go:23.37,24.33 1 16
github.com/hbollon/go-edlib/hamming.go:24.33,26.4 1 14
github.com/hbollon/go-edlib/jaro.go:7.48,15.42 5 32
github.com/hbollon/go-edlib/jaro.go:21.2,29.35 5 19
github.com/hbollon/go-edlib/jaro.go:39.2,39.16 1 19
github.com/hbollon/go-edlib/jaro.go:43.2,46.35 3 15
github.com/hbollon/go-edlib/jaro.go:57.2,61.43 2 15
github.com/hbollon/go-edlib/jaro.go:15.42,17.3 1 8
github.com/hbollon/go-edlib/jaro.go:17.8,17.44 1 24
github.com/hbollon/go-edlib/jaro.go:17.44,19.3 1 5
github.com/hbollon/go-edlib/jaro.go:29.35,30.82 1 106
github.com/hbollon/go-edlib/jaro.go:30.82,31.55 1 392
github.com/hbollon/go-edlib/jaro.go:31.55,35.10 4 74
github.com/hbollon/go-edlib/jaro.go:39.16,41.3 1 4
github.com/hbollon/go-edlib/jaro.go:46.35,47.24 1 90
github.com/hbollon/go-edlib/jaro.go:47.24,48.26 1 74
github.com/hbollon/go-edlib/jaro.go:51.4,51.34 1 74
github.com/hbollon/go-edlib/jaro.go:54.4,54.7 1 74
github.com/hbollon/go-edlib/jaro.go:48.26,50.5 1 27
github.com/hbollon/go-edlib/jaro.go:51.34,53.5 1 6
github.com/hbollon/go-edlib/jaro.go:66.55,70.38 2 16
github.com/hbollon/go-edlib/jaro.go:98.2,98.16 1 9
github.com/hbollon/go-edlib/jaro.go:70.38,82.60 6 7
github.com/hbollon/go-edlib/jaro.go:92.3,95.51 2 7
github.com/hbollon/go-edlib/jaro.go:82.60,83.34 1 17
github.com/hbollon/go-edlib/jaro.go:83.34,85.5 1 10
github.com/hbollon/go-edlib/jaro.go:85.10,86.10 1 7
